D:\JOAO\CURSOS\ONEGAMEMONTH\GAME3\XLIBEGL\EDDA\RELEASE\ACAO.OBJ
D:\JOAO\CURSOS\ONEGAMEMONTH\GAME3\XLIBEGL\EDDA\RELEASE\ACAOANIMAR.OBJ
D:\JOAO\CURSOS\ONEGAMEMONTH\GAME3\XLIBEGL\EDDA\RELEASE\ACAOTEMPORAL.OBJ
D:\JOAO\CURSOS\ONEGAMEMONTH\GAME3\XLIBEGL\EDDA\RELEASE\ANIMACAO.OBJ
D:\JOAO\CURSOS\ONEGAMEMONTH\GAME3\XLIBEGL\EDDA\RELEASE\CAMADA.OBJ
D:\JOAO\CURSOS\ONEGAMEMONTH\GAME3\XLIBEGL\EDDA\RELEASE\CENA.OBJ
D:\Joao\Cursos\OneGameMonth\Game3\xlibEGL\Edda\Release\cl.command.1.tlog
D:\Joao\Cursos\OneGameMonth\Game3\xlibEGL\Edda\Release\CL.read.1.tlog
D:\Joao\Cursos\OneGameMonth\Game3\xlibEGL\Edda\Release\CL.write.1.tlog
D:\JOAO\CURSOS\ONEGAMEMONTH\GAME3\XLIBEGL\EDDA\RELEASE\COLECOES.OBJ
D:\JOAO\CURSOS\ONEGAMEMONTH\GAME3\XLIBEGL\EDDA\RELEASE\COLLISION.OBJ
D:\JOAO\CURSOS\ONEGAMEMONTH\GAME3\XLIBEGL\EDDA\RELEASE\DIRETOR.OBJ
D:\JOAO\CURSOS\ONEGAMEMONTH\GAME3\XLIBEGL\EDDA\RELEASE\EDDA.DLL.INTERMEDIATE.MANIFEST
D:\Joao\Cursos\OneGameMonth\Game3\xlibEGL\Edda\Release\Edda.write.1.tlog
D:\JOAO\CURSOS\ONEGAMEMONTH\GAME3\XLIBEGL\EDDA\RELEASE\GRUPO.OBJ
D:\Joao\Cursos\OneGameMonth\Game3\xlibEGL\Edda\Release\link.command.1.tlog
D:\Joao\Cursos\OneGameMonth\Game3\xlibEGL\Edda\Release\link.read.1.tlog
D:\Joao\Cursos\OneGameMonth\Game3\xlibEGL\Edda\Release\link.write.1.tlog
D:\JOAO\CURSOS\ONEGAMEMONTH\GAME3\XLIBEGL\EDDA\RELEASE\MOVERATE.OBJ
D:\Joao\Cursos\OneGameMonth\Game3\xlibEGL\Edda\Release\mt.command.1.tlog
D:\Joao\Cursos\OneGameMonth\Game3\xlibEGL\Edda\Release\mt.read.1.tlog
D:\Joao\Cursos\OneGameMonth\Game3\xlibEGL\Edda\Release\mt.write.1.tlog
D:\JOAO\CURSOS\ONEGAMEMONTH\GAME3\XLIBEGL\EDDA\RELEASE\NODO.OBJ
D:\JOAO\CURSOS\ONEGAMEMONTH\GAME3\XLIBEGL\EDDA\RELEASE\SEQUENCIA.OBJ
D:\JOAO\CURSOS\ONEGAMEMONTH\GAME3\XLIBEGL\EDDA\RELEASE\SPRITE.OBJ
D:\JOAO\CURSOS\ONEGAMEMONTH\GAME3\XLIBEGL\EDDA\RELEASE\TILE.OBJ
D:\JOAO\CURSOS\ONEGAMEMONTH\GAME3\XLIBEGL\EDDA\RELEASE\TILECACHE.OBJ
D:\JOAO\CURSOS\ONEGAMEMONTH\GAME3\XLIBEGL\EDDA\RELEASE\TILEMAP.OBJ
D:\JOAO\CURSOS\ONEGAMEMONTH\GAME3\XLIBEGL\EDDA\RELEASE\VC100.PDB
D:\JOAO\CURSOS\ONEGAMEMONTH\GAME3\XLIBEGL\RELEASE\EDDA.DLL
D:\Joao\Cursos\OneGameMonth\Game3\xlibEGL\Release\Edda.exp
D:\Joao\Cursos\OneGameMonth\Game3\xlibEGL\Release\Edda.lib
D:\JOAO\CURSOS\ONEGAMEMONTH\GAME3\XLIBEGL\RELEASE\EDDA.PDB
