Build started 08/05/2013 14:45:12.
     1>Project "D:\Joao\Cursos\OneGameMonth\Game3\xlibEGL\MidgardZombies\MidgardZombies.vcxproj" on node 3 (build target(s)).
     1>InitializeBuildStatus:
         Creating "Release\MidgardZombies.unsuccessfulbuild" because "AlwaysCreate" was specified.
       ClCompile:
         c:\Program Files (x86)\Microsoft Visual Studio 10.0\VC\bin\CL.exe /c /I..\Edda /I"D:\Joao\Cursos\OneGameMonth\Game3\SFML-1.6\include" /Zi /nologo /W3 /WX- /O2 /Oi /Oy- /GL /D WIN32 /D NDEBUG /D _CONSOLE /D _UNICODE /D UNICODE /Gm- /EHsc /MD /GS /Gy /fp:precise /Zc:wchar_t /Zc:forScope /Fo"Release\\" /Fd"Release\vc100.pdb" /Gd /TP /analyze- /errorReport:prompt Main.cpp
         Main.cpp
     1>d:\joao\cursos\onegamemonth\game3\xlibegl\edda\Nodo.h(24): warning C4251: 'Edda::Nodo::acoes' : class 'std::list<_Ty>' needs to have dll-interface to be used by clients of class 'Edda::Nodo'
                 with
                 [
                     _Ty=Edda::Acao *
                 ]
     1>d:\joao\cursos\onegamemonth\game3\xlibegl\edda\Nodo.h(25): warning C4251: 'Edda::Nodo::ptrAcoes' : class 'std::_List_iterator<_Mylist>' needs to have dll-interface to be used by clients of class 'Edda::Nodo'
                 with
                 [
                     _Mylist=std::_List_val<Edda::Acao *,std::allocator<Edda::Acao *>>
                 ]
     1>d:\joao\cursos\onegamemonth\game3\xlibegl\edda\Diretor.h(24): warning C4251: 'Edda::Diretor::cenas' : class 'std::stack<_Ty>' needs to have dll-interface to be used by clients of class 'Edda::Diretor'
                 with
                 [
                     _Ty=Edda::Cena *
                 ]
     1>d:\joao\cursos\onegamemonth\game3\xlibegl\edda\Camada.h(21): warning C4251: 'Edda::Camada::square' : class 'sf::Shape' needs to have dll-interface to be used by clients of class 'Edda::Camada'
                 D:\Joao\Cursos\OneGameMonth\Game3\SFML-1.6\include\SFML/Graphics/Shape.hpp(43) : see declaration of 'sf::Shape'
     1>d:\joao\cursos\onegamemonth\game3\xlibegl\edda\Camada.h(24): warning C4251: 'Edda::Camada::nodos' : class 'std::list<_Ty>' needs to have dll-interface to be used by clients of class 'Edda::Camada'
                 with
                 [
                     _Ty=Edda::Nodo *
                 ]
     1>d:\joao\cursos\onegamemonth\game3\xlibegl\edda\Sprite.h(20): warning C4251: 'Edda::Sprite::img' : class 'std::vector<_Ty>' needs to have dll-interface to be used by clients of class 'Edda::Sprite'
                 with
                 [
                     _Ty=sf::Image *
                 ]
     1>d:\joao\cursos\onegamemonth\game3\xlibegl\edda\Sprite.h(22): warning C4251: 'Edda::Sprite::current' : class 'std::_Vector_iterator<_Myvec>' needs to have dll-interface to be used by clients of class 'Edda::Sprite'
                 with
                 [
                     _Myvec=std::_Vector_val<sf::Image *,std::allocator<sf::Image *>>
                 ]
     1>d:\joao\cursos\onegamemonth\game3\xlibegl\edda\Tilemap.h(36): warning C4251: 'Edda::TileCache::vetor' : class 'std::vector<_Ty>' needs to have dll-interface to be used by clients of class 'Edda::TileCache'
                 with
                 [
                     _Ty=Edda::Sprite *
                 ]
     1>d:\joao\cursos\onegamemonth\game3\xlibegl\edda\Tilemap.h(37): warning C4251: 'Edda::TileCache::vetorImg' : class 'std::vector<_Ty>' needs to have dll-interface to be used by clients of class 'Edda::TileCache'
                 with
                 [
                     _Ty=sf::Image
                 ]
     1>d:\joao\cursos\onegamemonth\game3\xlibegl\edda\Tilemap.h(38): warning C4251: 'Edda::TileCache::mapa' : class 'std::vector<_Ty>' needs to have dll-interface to be used by clients of class 'Edda::TileCache'
                 with
                 [
                     _Ty=std::string
                 ]
     1>d:\joao\cursos\onegamemonth\game3\xlibegl\edda\Tilemap.h(72): warning C4251: 'Edda::Tilemap::mapa' : class 'std::vector<_Ty>' needs to have dll-interface to be used by clients of class 'Edda::Tilemap'
                 with
                 [
                     _Ty=std::vector<Edda::Tile *>
                 ]
     1>d:\joao\cursos\onegamemonth\game3\xlibegl\edda\Tilemap.h(73): warning C4251: 'Edda::Tilemap::arquivo' : class 'std::basic_string<_Elem,_Traits,_Ax>' needs to have dll-interface to be used by clients of class 'Edda::Tilemap'
                 with
                 [
                     _Elem=char,
                     _Traits=std::char_traits<char>,
                     _Ax=std::allocator<char>
                 ]
     1>d:\joao\cursos\onegamemonth\game3\xlibegl\edda\Animacao.h(29): warning C4251: 'Edda::Animacao::frames' : class 'std::vector<_Ty>' needs to have dll-interface to be used by clients of class 'Edda::Animacao'
                 with
                 [
                     _Ty=Edda::Frame *
                 ]
     1>d:\joao\cursos\onegamemonth\game3\xlibegl\edda\Colecoes.h(17): warning C4251: 'Edda::Colecoes::acoes' : class 'std::vector<_Ty>' needs to have dll-interface to be used by clients of class 'Edda::Colecoes'
                 with
                 [
                     _Ty=Edda::AcaoTemporal *
                 ]
       Link:
         c:\Program Files (x86)\Microsoft Visual Studio 10.0\VC\bin\link.exe /ERRORREPORT:PROMPT /OUT:"D:\Joao\Cursos\OneGameMonth\Game3\xlibEGL\Release\MidgardZombies.exe" /INCREMENTAL:NO /NOLOGO /LIBPATH:..\Release Edda.lib kernel32.lib user32.lib gdi32.lib winspool.lib comdlg32.lib advapi32.lib shell32.lib ole32.lib oleaut32.lib uuid.lib odbc32.lib odbccp32.lib /MANIFEST /ManifestFile:"Release\MidgardZombies.exe.intermediate.manifest" /MANIFESTUAC:"level='asInvoker' uiAccess='false'" /DEBUG /PDB:"D:\Joao\Cursos\OneGameMonth\Game3\xlibEGL\Release\MidgardZombies.pdb" /SUBSYSTEM:CONSOLE /OPT:REF /OPT:ICF /LTCG /TLBID:1 /ENTRY:"mainCRTStartup" /DYNAMICBASE /NXCOMPAT /IMPLIB:"D:\Joao\Cursos\OneGameMonth\Game3\xlibEGL\Release\MidgardZombies.lib" /MACHINE:X86 Release\Main.obj
         Generating code
         Finished generating code
         MidgardZombies.vcxproj -> D:\Joao\Cursos\OneGameMonth\Game3\xlibEGL\Release\MidgardZombies.exe
       Manifest:
         C:\Program Files (x86)\Microsoft SDKs\Windows\v7.0A\bin\mt.exe /nologo /verbose /outputresource:"D:\Joao\Cursos\OneGameMonth\Game3\xlibEGL\Release\MidgardZombies.exe;#1" /manifest Release\MidgardZombies.exe.intermediate.manifest
       FinalizeBuildStatus:
         Deleting file "Release\MidgardZombies.unsuccessfulbuild".
         Touching "Release\MidgardZombies.lastbuildstate".
     1>Done Building Project "D:\Joao\Cursos\OneGameMonth\Game3\xlibEGL\MidgardZombies\MidgardZombies.vcxproj" (build target(s)).

Build succeeded.

Time Elapsed 00:00:03.09
